<?xml version="1.0" encoding="UTF-8"?>
<!-- Generated by org.testng.reporters.JUnitReportReporter -->
<testsuite hostname="user-PC" failures="0" tests="1" name="TestNG.AllTestAnotations" time="50.719" errors="0" timestamp="2022-04-27T15:05:25 IST" skipped="0">
  <testcase classname="TestNG.AllTestAnotations" name="f" time="50.719"/>
  <system-out/>
</testsuite> <!-- TestNG.AllTestAnotations -->
