<?xml version="1.0" encoding="UTF-8"?>
<!-- Generated by org.testng.reporters.JUnitReportReporter -->
<testsuite hostname="user-PC" failures="0" tests="1" name="TestNG.NewTest" time="39.100" errors="0" timestamp="2022-04-28T15:16:07 IST" skipped="0">
  <testcase classname="TestNG.NewTest" name="f" time="39.100"/>
  <system-out/>
</testsuite> <!-- TestNG.NewTest -->
